# at Ubuntu 12.04

########################################
### Disable Network Manager
service network-manager stop
update-rc.d -f network-manager remove

########################################
### Edit /etc/network/interfaces
vi /etc/network/interfaces
auto lo
iface lo inet loopback

auto eth0
iface eth0 inet static
address 192.168.11.21
netmask 255.255.255.0
gateway 192.168.11.1
dns-nameservers 192.168.11.1

########################################
### update apt-get repo data
apt-get update

########################################
### I want some softwares...
# sshd
apt-get install -y sshd
# tmux
apt-get install -y tmux
# vim
apt-get install -y vim

########################################
### Edit sshd_config
vi /etc/ssh/sshd_config
UseDNS=no

########################################
### boot with CUI Only
vi /etc/default/grub
+#GRUB_CMDLINE_LINUX_DEFAULT="quiet splash"
+GRUB_CMDLINE_LINUX_DEFAULT="text"

# Update grab and reboot
update-grub
shutdown -r now

########################################
### install samba
apt-get install -y samba
# Add SMB User
smbpasswd -a vc11807
# Enable samba, Edit and Enable.
vi /etc/samba/smb.conf

security = user

[homes]
comment = Home Directories
browseable = yes
writeable = yes
path = /home/%U
create mask = 0644
directory mask = 0755

# Restart samba
service smbd reload
service smbd restart

